<?xml version="1.0" encoding="UTF-8"?>
<!-- Generated by org.testng.reporters.JUnitReportReporter -->
<testsuite skipped="0" hostname="LAPTOP-PKTH6OD2" name="sampleTest1.SampleTest1" tests="1" failures="0" timestamp="10 Jul 2021 06:45:32 GMT" time="3.191" errors="0">
  <testcase name="loginTest" time="3.191" classname="sampleTest1.SampleTest1"/>
</testsuite> <!-- sampleTest1.SampleTest1 -->
